<?xml version="1.0" encoding="UTF-8"?>
<testsuite xmlns:xsi="http://www.w3.org/2001/XMLSchema-instance" xsi:noNamespaceSchemaLocation="https://maven.apache.org/surefire/maven-surefire-plugin/xsd/surefire-test-report.xsd" name="com.stone.Demo2ApplicationTests" time="6.089" tests="6" errors="0" skipped="0" failures="0">
  <properties>
[...]
</properties>
  <testcase name="testTwo" classname="com.stone.Demo2ApplicationTests" time="0.431"/>
  <testcase name="testEnum" classname="com.stone.Demo2ApplicationTests" time="0.001"/>
  <testcase name="test3" classname="com.stone.Demo2ApplicationTests" time="0"/>
  <testcase name="testConfBean" classname="com.stone.Demo2ApplicationTests" time="0.205"/>
  <testcase name="contextLoads" classname="com.stone.Demo2ApplicationTests" time="0.003"/>
  <testcase name="testBingDingErrors" classname="com.stone.Demo2ApplicationTests" time="0.434"/>
</testsuite>